GET /api 304 - - 382.692 ms | User: Unknown User | Body: {} | Time Taken: 391ms
GET /stylesheets/style.css 304 - - 5.735 ms | User: Unknown User | Body: {} | Time Taken: 7ms
GET /api 304 - - 408.473 ms | User: Unknown User | Body: {} | Time Taken: 416ms
GET /stylesheets/style.css 304 - - 6.776 ms | User: Unknown User | Body: {} | Time Taken: 9ms
GET /api/employees 500 47 - 17.656 ms | User: Unknown User | Body: {} | Time Taken: 23ms
GET /api/employees 500 51 - 27.413 ms | User: Unknown User | Body: {} | Time Taken: 34ms
GET /api/employees 500 51 - 17.668 ms | User: Unknown User | Body: {} | Time Taken: 23ms
GET /api/employees 500 51 - 14.295 ms | User: Unknown User | Body: {} | Time Taken: 20ms
GET /api/employees 500 51 - 16.802 ms | User: Unknown User | Body: {} | Time Taken: 22ms
GET /api/employees 500 51 - 15.218 ms | User: Unknown User | Body: {} | Time Taken: 21ms
GET /api/employees 500 51 - 14.578 ms | User: Unknown User | Body: {} | Time Taken: 20ms
GET /api/employees 200 2 - 126.281 ms | User: Unknown User | Body: {} | Time Taken: 131ms
GET /api/employees 200 2 - 72.475 ms | User: Unknown User | Body: {} | Time Taken: 78ms
GET /api/employees 200 152 - 3.974 ms | User: Unknown User | Body: {} | Time Taken: 6ms
POST /api/employees 201 66 - 72.028 ms | User: Unknown User | Body: {"name":"karthik","mail":"karthik@gmail.com","phone":"1234567890"} | Time Taken: 77ms
POST /api/employees 400 255 - 20.279 ms | User: Unknown User | Body: {"name":"karthik","mail":"karthik@gmail.com","phone":1234567890,"password":"Karthik123"} | Time Taken: 25ms
POST /api/employees 400 313 - 5.404 ms | User: Unknown User | Body: {"name":"karthik","mail":"karthik@gmail.com","password":"Karthik@123"} | Time Taken: 7ms
POST /api/employees 201 89 - 74.601 ms | User: Unknown User | Body: {"name":"karthik","mail":"karthik@gmail.com","phone":1234567890,"password":"Karthik@123"} | Time Taken: 76ms
POST /api/employees 400 131 - 3.688 ms | User: Unknown User | Body: {"name":"karthik2","mail":"karthik@gmail.com","phone":1234567890,"password":"Karthik@123"} | Time Taken: 5ms
POST /api/employees 400 169 - 5.082 ms | User: Unknown User | Body: {"name":"karthik","mail":"@karthikgmail.com","phone":1234567890,"password":"Karthik@123"} | Time Taken: 6ms
POST /api/employees 400 170 - 23.025 ms | User: Unknown User | Body: {"name":"karthik","mail":"@karthikgmail.com","phone":"1234567890","password":"Karthik@123"} | Time Taken: 28ms
POST /api/employees 201 91 - 132.762 ms | User: Unknown User | Body: {"name":"karthik","mail":"karthik@gmail.com","phone":"1234567890","password":"Karthik@123"} | Time Taken: 134ms
GET /api/employees/1 200 152 - 82.193 ms | User: Unknown User | Body: {} | Time Taken: 88ms
GET /api/employees/2 200 2 - 14.682 ms | User: Unknown User | Body: {} | Time Taken: 16ms
GET /api/employees/2 404 2 - 94.090 ms | User: Unknown User | Body: {} | Time Taken: 100ms
GET /api/employees/2 404 2 - 86.835 ms | User: Unknown User | Body: {} | Time Taken: 92ms
POST /api/employees 201 91 - 19.560 ms | User: Unknown User | Body: {"name":"karthik","mail":"karthik@gmail.com","phone":"1234567890","password":"Karthik@123"} | Time Taken: 21ms
POST /api/employees 500 51 - 111.508 ms | User: Unknown User | Body: {"name":"karthik","mail":"karthik@gmail.com","phone":"1234567890","password":"Karthik@123"} | Time Taken: 119ms
POST /api/employees 400 81 - 83.900 ms | User: Unknown User | Body: {"name":"karthik","mail":"karthik@gmail.com","phone":"1234567890","password":"Karthik@123"} | Time Taken: 88ms
POST /api/employees 500 51 - 18.379 ms | User: Unknown User | Body: {"name":"karthik","mail":"karthik1@gmail.com","phone":"1234567890","password":"Karthik@123"} | Time Taken: 20ms
POST /api/employees 400 97 - 161.134 ms | User: Unknown User | Body: {"name":"karthik","mail":"karthik1@gmail.com","phone":"1234567890","password":"Karthik@123"} | Time Taken: 166ms
POST /api/employees 400 97 - 8.823 ms | User: Unknown User | Body: {"name":"karthik","mail":"karthik1@gmail.com","phone":"1234567890","password":"Karthik@123"} | Time Taken: 10ms
POST /api/employees 400 147 - 4.894 ms | User: Unknown User | Body: {"name":"karthik","mail":"karthik1@gmail.com","phone":"12345678900","password":"Karthik@123"} | Time Taken: 6ms
POST /api/employees 500 51 - 16.911 ms | User: Unknown User | Body: {"name":"karthik","mail":"karthik1@gmail.com","phone":"1234678900","password":"Karthik@123"} | Time Taken: 18ms
POST /api/employees 400 97 - 93.530 ms | User: Unknown User | Body: {"name":"karthik","mail":"karthik1@gmail.com","phone":"1234678900","password":"Karthik@123"} | Time Taken: 99ms
POST /api/employees 201 16 - 76.757 ms | User: Unknown User | Body: {"name":"karthik","mail":"karthik01@gmail.com","phone":"1234178900","password":"Karthik@123"} | Time Taken: 79ms
GET /api/employees/2 404 2 - 136.928 ms | User: Unknown User | Body: {} | Time Taken: 142ms
GET /api/employees/4 200 178 - 5.566 ms | User: Unknown User | Body: {} | Time Taken: 8ms
GET /api/employees/4 200 153 - 72.168 ms | User: Unknown User | Body: {} | Time Taken: 78ms
GET /api/employees/4 500 51 - 146.123 ms | User: Unknown User | Body: {} | Time Taken: 152ms
GET /api/employees/4 500 51 - 83.109 ms | User: Unknown User | Body: {} | Time Taken: 89ms
GET /api/employees/4 200 151 - 65.609 ms | User: Unknown User | Body: {} | Time Taken: 71ms
GET /api/employees/45 404 4 - 3.672 ms | User: Unknown User | Body: {} | Time Taken: 4ms
GET /api/employees/45 404 24 - 70.075 ms | User: Unknown User | Body: {} | Time Taken: 74ms
GET /api/employees/4 200 171 - 5.302 ms | User: Unknown User | Body: {} | Time Taken: 7ms
GET /api/employees 200 478 - 3.467 ms | User: Unknown User | Body: {} | Time Taken: 4ms
PUT /api/employees/155 404 60 - 92.454 ms | User: Unknown User | Body: {"name":"Akask","mail":"akasj@gmail.com","phone":"9876543210"} | Time Taken: 97ms
PUT /api/employees/1 500 51 - 45.940 ms | User: Unknown User | Body: {"name":"Akask","mail":"akasj@gmail.com","phone":"9876543210"} | Time Taken: 47ms
PUT /api/employees/1 200 59 - 83.750 ms | User: Unknown User | Body: {"name":"Akask","mail":"akasj@gmail.com","phone":"9876543210"} | Time Taken: 90ms
PUT /api/employees/1 200 59 - 109.071 ms | User: Unknown User | Body: {"name":"Akask","mail":"akasj@gmail.com","phone":"9876543210"} | Time Taken: 114ms
PUT /api/employees/1 200 59 - 88.927 ms | User: Unknown User | Body: {"name":"Akask","mail":"akasj@gmail.com","phone":"9876543210"} | Time Taken: 95ms
PUT /api/employees/1 200 59 - 102.490 ms | User: Unknown User | Body: {"name":"Akask","mail":"akasj@gmail.com","phone":"9876543210"} | Time Taken: 110ms
PUT /api/employees/1 200 59 - 116.330 ms | User: Unknown User | Body: {"name":"Akask","mail":"akasj@gmail.com","phone":"9876543210"} | Time Taken: 122ms
PUT /api/employees/1 500 51 - 100.207 ms | User: Unknown User | Body: {"name":"Akask","mail":"akasj@gmail.com","phone":"9876543210"} | Time Taken: 105ms
PUT /api/employees/1 500 51 - 103.863 ms | User: Unknown User | Body: {"name":"Akask","mail":"akasj@gmail.com","phone":"9876543210"} | Time Taken: 110ms
PUT /api/employees/1 500 51 - 176.261 ms | User: Unknown User | Body: {"name":"Akask","mail":"akasj@gmail.com","phone":"1234678900"} | Time Taken: 182ms
PUT /api/employees/1 500 51 - 74.472 ms | User: Unknown User | Body: {"name":"Akask","mail":"akasj@gmail.com","phone":"9876543210"} | Time Taken: 76ms
PUT /api/employees/1 200 59 - 148.742 ms | User: Unknown User | Body: {"name":"Akask","mail":"akasj@gmail.com","phone":"9876543210"} | Time Taken: 154ms
DELETE /api/employees/4 500 51 - 95.910 ms | User: Unknown User | Body: {} | Time Taken: 102ms
DELETE /api/employees/4 200 66 - 83.196 ms | User: Unknown User | Body: {} | Time Taken: 89ms
DELETE /api/employees/4 404 60 - 3.712 ms | User: Unknown User | Body: {} | Time Taken: 5ms
GET /api/employees 200 326 - 137.485 ms | User: Unknown User | Body: {} | Time Taken: 143ms
GET / 404 2250 - 343.401 ms | User: Unknown User | Body: {} | Time Taken: 348ms
GET / 404 2250 - 358.391 ms | User: Unknown User | Body: {} | Time Taken: 365ms
GET / 404 2250 - 377.224 ms | User: Unknown User | Body: {} | Time Taken: 383ms
GET / 404 2250 - 376.388 ms | User: Unknown User | Body: {} | Time Taken: 381ms
GET / 404 2250 - 16.385 ms | User: Unknown User | Body: {} | Time Taken: 18ms
GET / 404 2250 - 369.013 ms | User: Unknown User | Body: {} | Time Taken: 374ms
GET /api/employees 200 171 - 6.156 ms | User: Unknown User | Body: {} | Time Taken: 11ms
GET /api/employees 200 171 - 7.718 ms | User: Unknown User | Body: {} | Time Taken: 13ms
GET /api/employees 404 23 - 1.453 ms | User: Unknown User | Body: {} | Time Taken: 2ms
GET /api/employees 200 171 - 11.015 ms | User: Unknown User | Body: {} | Time Taken: 16ms
GET /api/employees 404 23 - 2.002 ms | User: Unknown User | Body: {} | Time Taken: 3ms
GET /api/employees/1 200 168 - 1.152 ms | User: Unknown User | Body: {} | Time Taken: 2ms
GET /999 404 2259 - 336.571 ms | User: Unknown User | Body: {} | Time Taken: 338ms
GET /api/employees 200 171 - 8.300 ms | User: Unknown User | Body: {} | Time Taken: 18ms
GET /api/employees 404 23 - 1.533 ms | User: Unknown User | Body: {} | Time Taken: 2ms
GET /api/employees 200 171 - 11.806 ms | User: Unknown User | Body: {} | Time Taken: 17ms
GET /api/employees 404 23 - 1.539 ms | User: Unknown User | Body: {} | Time Taken: 2ms
GET /api/employees 200 171 - 7.483 ms | User: Unknown User | Body: {} | Time Taken: 14ms
GET /api/employees 404 23 - 1.538 ms | User: Unknown User | Body: {} | Time Taken: 3ms
GET /api/employees/1 200 168 - 1.195 ms | User: Unknown User | Body: {} | Time Taken: 2ms
GET /api/employees/999 404 24 - 1.021 ms | User: Unknown User | Body: {} | Time Taken: 2ms
GET /api/employees 200 171 - 7.952 ms | User: Unknown User | Body: {} | Time Taken: 12ms
GET /api/employees 404 23 - 1.440 ms | User: Unknown User | Body: {} | Time Taken: 3ms
GET /api/employees/1 200 168 - 1.540 ms | User: Unknown User | Body: {} | Time Taken: 3ms
GET /api/employees/999 404 24 - 1.134 ms | User: Unknown User | Body: {} | Time Taken: 3ms
GET /api/employees 200 171 - 11.421 ms | User: Unknown User | Body: {} | Time Taken: 16ms
GET /api/employees 404 23 - 2.255 ms | User: Unknown User | Body: {} | Time Taken: 3ms
GET /api/employees/1 200 168 - 1.304 ms | User: Unknown User | Body: {} | Time Taken: 3ms
GET /api/employees/999 404 24 - 1.076 ms | User: Unknown User | Body: {} | Time Taken: 2ms
GET /api/employees 200 171 - 11.717 ms | User: Unknown User | Body: {} | Time Taken: 20ms
GET /api/employees 404 23 - 1.392 ms | User: Unknown User | Body: {} | Time Taken: 3ms
GET /api/employees/1 200 168 - 2.099 ms | User: Unknown User | Body: {} | Time Taken: 3ms
GET /api/employees/999 404 24 - 0.995 ms | User: Unknown User | Body: {} | Time Taken: 1ms
POST /api/employees/ 400 413 - 17.724 ms | User: Unknown User | Body: {"name":"John Doe","mail":"john.doe@example.com","phone":"9876543210","password":"$2b$10$cMIQrxCQrdUSSQMGNZu.XuDi21&#x2F;j5XjpShrx.oOXJVnu9RlQJYk1C"} | Time Taken: 19ms
GET /api/employees 200 171 - 9.574 ms | User: Unknown User | Body: {} | Time Taken: 15ms
GET /api/employees 404 23 - 1.422 ms | User: Unknown User | Body: {} | Time Taken: 2ms
GET /api/employees/1 200 168 - 1.452 ms | User: Unknown User | Body: {} | Time Taken: 2ms
GET /api/employees/999 404 24 - 0.990 ms | User: Unknown User | Body: {} | Time Taken: 2ms
POST /api/employees/ 400 423 - 15.409 ms | User: Unknown User | Body: {"name":"John Doe","mail":"john.doe@example.com","phone":"9876543210","password":"$2b$10$Oh.8cbTAA&#x2F;&#x2F;d0NvktHg5FOhqcKQ9L&#x2F;nDZb9irJZUl2o6ubxooolcm"} | Time Taken: 17ms
GET /api/employees 200 171 - 7.284 ms | User: Unknown User | Body: {} | Time Taken: 12ms
GET /api/employees 404 23 - 1.429 ms | User: Unknown User | Body: {} | Time Taken: 3ms
GET /api/employees/1 200 168 - 1.490 ms | User: Unknown User | Body: {} | Time Taken: 3ms
GET /api/employees/999 404 24 - 0.950 ms | User: Unknown User | Body: {} | Time Taken: 1ms
POST /api/employees/ 400 131 - 16.619 ms | User: Unknown User | Body: {"name":"John Doe","mail":"john.doe@example.com","phone":"9876543210","password":"$2b$10$4Xiw1RZ6RtfcttOsQ2gQCuozqpvWDhwV8ov2PXJKqetwQwDrGyrGa"} | Time Taken: 18ms
GET /api/employees 200 171 - 9.870 ms | User: Unknown User | Body: {} | Time Taken: 15ms
GET /api/employees 404 23 - 1.506 ms | User: Unknown User | Body: {} | Time Taken: 2ms
GET /api/employees/1 200 168 - 1.452 ms | User: Unknown User | Body: {} | Time Taken: 3ms
GET /api/employees/999 404 24 - 1.640 ms | User: Unknown User | Body: {} | Time Taken: 2ms
POST /api/employees/ 400 305 - 15.569 ms | User: Unknown User | Body: {"name":"Doe","mail":"john.doe@example.com","phone":"9876543210","password":"$2b$10$yB7YguL.F2UeM1I1D2MBaerTRbIteUb.I6fP8mQb5eQkOywdvNJMG"} | Time Taken: 17ms
GET /api/employees 200 171 - 11.204 ms | User: Unknown User | Body: {} | Time Taken: 18ms
GET /api/employees 404 23 - 1.409 ms | User: Unknown User | Body: {} | Time Taken: 3ms
GET /api/employees/1 200 168 - 1.512 ms | User: Unknown User | Body: {} | Time Taken: 3ms
GET /api/employees/999 404 24 - 1.297 ms | User: Unknown User | Body: {} | Time Taken: 3ms
POST /api/employees/ 400 305 - 16.090 ms | User: Unknown User | Body: {"name":"Doe","mail":"john.doe@example.com","phone":"9876543210","password":"$2b$10$9N8F2HNTTP2vFyRE.j4Xd.T7.XmfXQcmDJCN5HFdsHaGv65giTkJW"} | Time Taken: 17ms
GET /api/employees 200 171 - 6.440 ms | User: Unknown User | Body: {} | Time Taken: 10ms
GET /api/employees 404 23 - 1.399 ms | User: Unknown User | Body: {} | Time Taken: 2ms
GET /api/employees/1 200 168 - 1.564 ms | User: Unknown User | Body: {} | Time Taken: 3ms
GET /api/employees/999 404 24 - 1.027 ms | User: Unknown User | Body: {} | Time Taken: 2ms
POST /api/employees/ 500 51 - 24.248 ms | User: Unknown User | Body: {"name":"Doe","mail":"john.doe@example.com","phone":"9876543210","password":"TestPassword@2123"} | Time Taken: 26ms
GET /api/employees 200 171 - 12.006 ms | User: Unknown User | Body: {} | Time Taken: 21ms
GET /api/employees 404 23 - 1.770 ms | User: Unknown User | Body: {} | Time Taken: 3ms
GET /api/employees/1 200 168 - 3.107 ms | User: Unknown User | Body: {} | Time Taken: 4ms
GET /api/employees/999 404 24 - 1.423 ms | User: Unknown User | Body: {} | Time Taken: 2ms
POST /api/employees/ 500 51 - 24.238 ms | User: Unknown User | Body: {"name":"Doe","mail":"john.doe@example.com","phone":"9876543210","password":"TestPassword@2123"} | Time Taken: 25ms
POST /api/employees 500 51 - 155.862 ms | User: Unknown User | Body: {"name":"karthik","mail":"karthik01@gmail.com","phone":"1234178900","password":"Karthik@123"} | Time Taken: 161ms
POST /api/employees 400 97 - 85.858 ms | User: Unknown User | Body: {"name":"karthik","mail":"karthik01@gmail.com","phone":"1234178900","password":"Karthik@123"} | Time Taken: 92ms
GET /api/employees 200 171 - 9.218 ms | User: Unknown User | Body: {} | Time Taken: 14ms
GET /api/employees 404 23 - 1.482 ms | User: Unknown User | Body: {} | Time Taken: 2ms
GET /api/employees/1 200 168 - 1.749 ms | User: Unknown User | Body: {} | Time Taken: 2ms
GET /api/employees/999 404 24 - 1.072 ms | User: Unknown User | Body: {} | Time Taken: 1ms
POST /api/employees/ 500 51 - 27.575 ms | User: Unknown User | Body: {"name":"Doe","mail":"john.doe@example.com","phone":"9876543210","password":"TestPassword@2123"} | Time Taken: 29ms
GET /api/employees 200 171 - 12.750 ms | User: Unknown User | Body: {} | Time Taken: 18ms
GET /api/employees 404 23 - 1.543 ms | User: Unknown User | Body: {} | Time Taken: 3ms
GET /api/employees/1 200 168 - 1.478 ms | User: Unknown User | Body: {} | Time Taken: 2ms
GET /api/employees/999 404 24 - 0.975 ms | User: Unknown User | Body: {} | Time Taken: 1ms
POST /api/employees/ 500 51 - 27.965 ms | User: Unknown User | Body: {"name":"Doe","mail":"john.doe@example.com","phone":"9876543210","password":"TestPassword@2123"} | Time Taken: 30ms
GET /api/employees 200 171 - 10.060 ms | User: Unknown User | Body: {} | Time Taken: 17ms
GET /api/employees 404 23 - 1.414 ms | User: Unknown User | Body: {} | Time Taken: 2ms
GET /api/employees/1 200 168 - 1.697 ms | User: Unknown User | Body: {} | Time Taken: 3ms
GET /api/employees/999 404 24 - 1.388 ms | User: Unknown User | Body: {} | Time Taken: 2ms
POST /api/employees/ 500 51 - 25.247 ms | User: Unknown User | Body: {"name":"Doe","mail":"john.doe@example.com","phone":"9876543210","password":"TestPassword@2123"} | Time Taken: 26ms
POST /api/employees 400 260 - 6.483 ms | User: Unknown User | Body: {"name":"JaneDoe","mail":"karthik01@gmail.com","phone":"1234178900","password":"TestPassword123"} | Time Taken: 8ms
GET /api/employees 200 171 - 12.789 ms | User: Unknown User | Body: {} | Time Taken: 20ms
GET /api/employees 404 23 - 1.453 ms | User: Unknown User | Body: {} | Time Taken: 3ms
GET /api/employees/1 200 168 - 1.546 ms | User: Unknown User | Body: {} | Time Taken: 3ms
GET /api/employees/999 404 24 - 1.109 ms | User: Unknown User | Body: {} | Time Taken: 2ms
POST /api/employees/ 500 51 - 21.470 ms | User: Unknown User | Body: {"name":"Doe","mail":"john.doe@example.com","phone":"9876543210","password":"TestPassword@2123"} | Time Taken: 23ms
GET /api/employees 200 171 - 8.190 ms | User: Unknown User | Body: {} | Time Taken: 13ms
GET /api/employees 404 23 - 1.790 ms | User: Unknown User | Body: {} | Time Taken: 3ms
GET /api/employees/1 200 168 - 1.421 ms | User: Unknown User | Body: {} | Time Taken: 2ms
GET /api/employees/999 404 24 - 1.047 ms | User: Unknown User | Body: {} | Time Taken: 1ms
POST /api/employees/ 500 51 - 54.833 ms | User: Unknown User | Body: {"name":"Doe","mail":"john.doe@example.com","phone":"9876543210","password":"TestPassword@2123"} | Time Taken: 56ms
POST /api/employees 500 51 - 6.354 ms | User: Unknown User | Body: {"name":"JaneDoe","mail":"karthik01@gmail.com","phone":"1234178900","password":"TestPassword@2123"} | Time Taken: 7ms
GET /api/employees 200 171 - 9.069 ms | User: Unknown User | Body: {} | Time Taken: 15ms
GET /api/employees 404 23 - 1.664 ms | User: Unknown User | Body: {} | Time Taken: 3ms
GET /api/employees/1 200 168 - 1.578 ms | User: Unknown User | Body: {} | Time Taken: 3ms
GET /api/employees/999 404 24 - 1.415 ms | User: Unknown User | Body: {} | Time Taken: 3ms
POST /api/employees/ 500 51 - 24.043 ms | User: Unknown User | Body: {"name":"Doe","mail":"john.doe@example.com","phone":"9876543210","password":"TestPassword@2123"} | Time Taken: 26ms
POST /api/employees 500 51 - 6.611 ms | User: Unknown User | Body: {"name":"JaneDoe","mail":"karthik01@gmail.com","phone":"1234178900","password":"TestPassword@2123"} | Time Taken: 7ms
GET /api/employees 200 171 - 10.072 ms | User: Unknown User | Body: {} | Time Taken: 16ms
GET /api/employees 404 23 - 1.401 ms | User: Unknown User | Body: {} | Time Taken: 3ms
GET /api/employees/1 200 168 - 1.549 ms | User: Unknown User | Body: {} | Time Taken: 2ms
GET /api/employees/999 404 24 - 1.638 ms | User: Unknown User | Body: {} | Time Taken: 2ms
POST /api/employees/ 400 97 - 135.853 ms | User: Unknown User | Body: {"name":"Doe","mail":"john.doe@example.com","phone":"9876543210","password":"TestPassword@2123"} | Time Taken: 136ms
POST /api/employees 400 97 - 7.264 ms | User: Unknown User | Body: {"name":"JaneDoe","mail":"karthik01@gmail.com","phone":"1234178900","password":"TestPassword@2123"} | Time Taken: 9ms
PUT /api/employees/1 400 139 - 6.526 ms | User: Unknown User | Body: {"name":"John Doe Updated","mail":"john.doe.updated@example.com","phone":"9876543210","password":"NewPassword123"} | Time Taken: 8ms
GET /api/employees 200 171 - 8.047 ms | User: Unknown User | Body: {} | Time Taken: 13ms
GET /api/employees 404 23 - 1.444 ms | User: Unknown User | Body: {} | Time Taken: 2ms
GET /api/employees/1 200 168 - 1.443 ms | User: Unknown User | Body: {} | Time Taken: 2ms
GET /api/employees/999 404 24 - 1.137 ms | User: Unknown User | Body: {} | Time Taken: 2ms
POST /api/employees 400 97 - 86.762 ms | User: Unknown User | Body: {"name":"Doe","mail":"john.doe@example.com","phone":"9876543210","password":"TestPassword@2123"} | Time Taken: 88ms
POST /api/employees 400 97 - 8.993 ms | User: Unknown User | Body: {"name":"JaneDoe","mail":"karthik01@gmail.com","phone":"1234178900","password":"TestPassword@2123"} | Time Taken: 10ms
PUT /api/employees/1 400 139 - 3.558 ms | User: Unknown User | Body: {"name":"John Doe Updated","mail":"john.doe.updated@example.com","phone":"9876543210","password":"NewPassword123"} | Time Taken: 5ms
GET /api/employees 200 171 - 6.917 ms | User: Unknown User | Body: {} | Time Taken: 12ms
GET /api/employees 404 23 - 1.504 ms | User: Unknown User | Body: {} | Time Taken: 2ms
GET /api/employees/1 200 168 - 1.558 ms | User: Unknown User | Body: {} | Time Taken: 3ms
GET /api/employees/999 404 24 - 1.115 ms | User: Unknown User | Body: {} | Time Taken: 2ms
POST /api/employees 400 145 - 18.218 ms | User: Unknown User | Body: {"name":"Doe","mail":"john.doe@example.com","phone":"134679852","password":"TestPassword@2123"} | Time Taken: 19ms
POST /api/employees 400 97 - 67.044 ms | User: Unknown User | Body: {"name":"JaneDoe","mail":"karthik01@gmail.com","phone":"1234178900","password":"TestPassword@2123"} | Time Taken: 67ms
PUT /api/employees/1 400 139 - 3.585 ms | User: Unknown User | Body: {"name":"John Doe Updated","mail":"john.doe.updated@example.com","phone":"9876543210","password":"NewPassword123"} | Time Taken: 5ms
GET /api/employees 200 171 - 9.065 ms | User: Unknown User | Body: {} | Time Taken: 14ms
GET /api/employees 404 23 - 1.465 ms | User: Unknown User | Body: {} | Time Taken: 3ms
GET /api/employees/1 200 168 - 1.879 ms | User: Unknown User | Body: {} | Time Taken: 3ms
GET /api/employees/999 404 24 - 0.998 ms | User: Unknown User | Body: {} | Time Taken: 1ms
POST /api/employees 400 145 - 16.487 ms | User: Unknown User | Body: {"name":"Doe","mail":"john.doe@example.com","phone":"134679852","password":"TestPassword@2123"} | Time Taken: 19ms
GET /api/employees 200 171 - 9.381 ms | User: Unknown User | Body: {} | Time Taken: 14ms
GET /api/employees 404 23 - 2.238 ms | User: Unknown User | Body: {} | Time Taken: 3ms
GET /api/employees/1 200 168 - 1.519 ms | User: Unknown User | Body: {} | Time Taken: 2ms
GET /api/employees/999 404 24 - 1.126 ms | User: Unknown User | Body: {} | Time Taken: 2ms
POST /api/employees 400 145 - 19.179 ms | User: Unknown User | Body: {"name":"Doe","mail":"john.doe@example.com","phone":"134679852","password":"TestPassword@2123"} | Time Taken: 21ms
GET /api/employees 200 171 - 8.437 ms | User: Unknown User | Body: {} | Time Taken: 12ms
GET /api/employees 404 23 - 1.373 ms | User: Unknown User | Body: {} | Time Taken: 2ms
GET /api/employees/1 200 168 - 1.762 ms | User: Unknown User | Body: {} | Time Taken: 3ms
GET /api/employees/999 404 24 - 1.059 ms | User: Unknown User | Body: {} | Time Taken: 2ms
POST /api/employees 500 51 - 25.336 ms | User: Unknown User | Body: {"name":"Doe","mail":"john.doe@example.com","phone":"1346798520","password":"TestPassword@2123"} | Time Taken: 27ms
GET /api/employees 200 171 - 11.682 ms | User: Unknown User | Body: {} | Time Taken: 16ms
GET /api/employees 404 23 - 2.713 ms | User: Unknown User | Body: {} | Time Taken: 4ms
GET /api/employees/1 200 168 - 1.146 ms | User: Unknown User | Body: {} | Time Taken: 3ms
GET /api/employees/999 404 24 - 2.056 ms | User: Unknown User | Body: {} | Time Taken: 2ms
POST /api/employees 500 51 - 23.562 ms | User: Unknown User | Body: {"name":"Doe","mail":"john.doe@example.com","phone":"1346798520","password":"TestPassword@2123"} | Time Taken: 26ms
GET /api/employees 200 171 - 9.330 ms | User: Unknown User | Body: {} | Time Taken: 16ms
GET /api/employees 404 23 - 1.431 ms | User: Unknown User | Body: {} | Time Taken: 3ms
GET /api/employees/1 200 168 - 1.523 ms | User: Unknown User | Body: {} | Time Taken: 3ms
GET /api/employees/999 404 24 - 1.123 ms | User: Unknown User | Body: {} | Time Taken: 2ms
POST /api/employees 500 51 - 216.243 ms | User: Unknown User | Body: {"name":"Doe","mail":"john.doe@example.com","phone":"1346798520","password":"TestPassword@2123"} | Time Taken: 219ms
PUT /api/employees/1 400 139 - 5.658 ms | User: Unknown User | Body: {"name":"John Doe Updated","mail":"john.doe.updated@example.com","phone":"9876543210","password":"NewPassword123"} | Time Taken: 7ms
