{"level":"info","message":{"body":{},"method":"GET","status":304,"timeTaken":"391ms","url":"/api","user":"Unknown User"},"timestamp":"2024-11-21T14:12:35.361Z"}
{"level":"info","message":{"body":{},"method":"GET","status":304,"timeTaken":"8ms","url":"/stylesheets/style.css","user":"Unknown User"},"timestamp":"2024-11-21T14:12:35.433Z"}
{"level":"info","message":{"body":{},"method":"GET","status":304,"timeTaken":"416ms","url":"/api","user":"Unknown User"},"timestamp":"2024-11-21T15:47:58.213Z"}
{"level":"info","message":{"body":{},"method":"GET","status":304,"timeTaken":"10ms","url":"/stylesheets/style.css","user":"Unknown User"},"timestamp":"2024-11-21T15:47:58.295Z"}
{"level":"info","message":{"body":{},"method":"GET","status":500,"timeTaken":"23ms","url":"/api/employees","user":"Unknown User"},"timestamp":"2024-11-21T15:50:47.530Z"}
{"level":"info","message":{"body":{},"method":"GET","status":500,"timeTaken":"34ms","url":"/api/employees","user":"Unknown User"},"timestamp":"2024-11-21T15:51:41.363Z"}
{"level":"info","message":{"body":{},"method":"GET","status":500,"timeTaken":"23ms","url":"/api/employees","user":"Unknown User"},"timestamp":"2024-11-21T15:52:06.434Z"}
{"level":"info","message":{"body":{},"method":"GET","status":500,"timeTaken":"20ms","url":"/api/employees","user":"Unknown User"},"timestamp":"2024-11-21T15:52:26.279Z"}
{"level":"info","message":{"body":{},"method":"GET","status":500,"timeTaken":"23ms","url":"/api/employees","user":"Unknown User"},"timestamp":"2024-11-21T15:52:51.163Z"}
{"level":"info","message":{"body":{},"method":"GET","status":500,"timeTaken":"21ms","url":"/api/employees","user":"Unknown User"},"timestamp":"2024-11-21T15:53:28.079Z"}
{"level":"info","message":{"body":{},"method":"GET","status":500,"timeTaken":"20ms","url":"/api/employees","user":"Unknown User"},"timestamp":"2024-11-21T15:53:41.253Z"}
{"level":"info","message":{"body":{},"method":"GET","status":200,"timeTaken":"131ms","url":"/api/employees","user":"Unknown User"},"timestamp":"2024-11-21T15:53:52.824Z"}
{"level":"info","message":{"body":{},"method":"GET","status":200,"timeTaken":"79ms","url":"/api/employees","user":"Unknown User"},"timestamp":"2024-11-21T15:54:21.760Z"}
{"level":"info","message":{"body":{},"method":"GET","status":200,"timeTaken":"6ms","url":"/api/employees","user":"Unknown User"},"timestamp":"2024-11-21T15:54:49.703Z"}
{"level":"info","message":{"body":{"mail":"karthik@gmail.com","name":"karthik","phone":"1234567890"},"method":"POST","status":201,"timeTaken":"78ms","url":"/api/employees","user":"Unknown User"},"timestamp":"2024-11-21T15:58:38.128Z"}
{"level":"info","message":{"body":{"mail":"karthik@gmail.com","name":"karthik","password":"Karthik123","phone":1234567890},"method":"POST","status":400,"timeTaken":"26ms","url":"/api/employees","user":"Unknown User"},"timestamp":"2024-11-21T16:06:24.250Z"}
{"level":"info","message":{"body":{"mail":"karthik@gmail.com","name":"karthik","password":"Karthik@123"},"method":"POST","status":400,"timeTaken":"7ms","url":"/api/employees","user":"Unknown User"},"timestamp":"2024-11-21T16:06:46.805Z"}
{"level":"info","message":{"body":{"mail":"karthik@gmail.com","name":"karthik","password":"Karthik@123","phone":1234567890},"method":"POST","status":201,"timeTaken":"76ms","url":"/api/employees","user":"Unknown User"},"timestamp":"2024-11-21T16:06:53.323Z"}
{"level":"info","message":{"body":{"mail":"karthik@gmail.com","name":"karthik2","password":"Karthik@123","phone":1234567890},"method":"POST","status":400,"timeTaken":"5ms","url":"/api/employees","user":"Unknown User"},"timestamp":"2024-11-21T16:06:58.613Z"}
{"level":"info","message":{"body":{"mail":"@karthikgmail.com","name":"karthik","password":"Karthik@123","phone":1234567890},"method":"POST","status":400,"timeTaken":"6ms","url":"/api/employees","user":"Unknown User"},"timestamp":"2024-11-21T16:07:05.912Z"}
{"level":"info","message":{"body":{"mail":"@karthikgmail.com","name":"karthik","password":"Karthik@123","phone":"1234567890"},"method":"POST","status":400,"timeTaken":"29ms","url":"/api/employees","user":"Unknown User"},"timestamp":"2024-11-21T16:08:34.131Z"}
{"level":"info","message":{"body":{"mail":"karthik@gmail.com","name":"karthik","password":"Karthik@123","phone":"1234567890"},"method":"POST","status":201,"timeTaken":"134ms","url":"/api/employees","user":"Unknown User"},"timestamp":"2024-11-21T16:08:43.509Z"}
{"level":"info","message":{"body":{},"method":"GET","status":200,"timeTaken":"88ms","url":"/api/employees/1","user":"Unknown User"},"timestamp":"2024-11-21T16:11:13.076Z"}
{"level":"info","message":{"body":{},"method":"GET","status":200,"timeTaken":"16ms","url":"/api/employees/2","user":"Unknown User"},"timestamp":"2024-11-21T16:11:19.419Z"}
{"level":"info","message":{"body":{},"method":"GET","status":404,"timeTaken":"100ms","url":"/api/employees/2","user":"Unknown User"},"timestamp":"2024-11-21T16:12:14.200Z"}
{"level":"info","message":{"body":{},"method":"GET","status":404,"timeTaken":"92ms","url":"/api/employees/2","user":"Unknown User"},"timestamp":"2024-11-21T16:12:44.774Z"}
{"level":"info","message":{"body":{"mail":"karthik@gmail.com","name":"karthik","password":"Karthik@123","phone":"1234567890"},"method":"POST","status":201,"timeTaken":"21ms","url":"/api/employees","user":"Unknown User"},"timestamp":"2024-11-21T16:12:48.942Z"}
{"level":"info","message":{"body":{"mail":"karthik@gmail.com","name":"karthik","password":"Karthik@123","phone":"1234567890"},"method":"POST","status":500,"timeTaken":"119ms","url":"/api/employees","user":"Unknown User"},"timestamp":"2024-11-21T16:16:11.296Z"}
{"level":"info","message":{"body":{"mail":"karthik@gmail.com","name":"karthik","password":"Karthik@123","phone":"1234567890"},"method":"POST","status":400,"timeTaken":"89ms","url":"/api/employees","user":"Unknown User"},"timestamp":"2024-11-21T16:17:59.552Z"}
{"level":"info","message":{"body":{"mail":"karthik1@gmail.com","name":"karthik","password":"Karthik@123","phone":"1234567890"},"method":"POST","status":500,"timeTaken":"20ms","url":"/api/employees","user":"Unknown User"},"timestamp":"2024-11-21T16:18:06.163Z"}
{"level":"info","message":{"body":{"mail":"karthik1@gmail.com","name":"karthik","password":"Karthik@123","phone":"1234567890"},"method":"POST","status":400,"timeTaken":"166ms","url":"/api/employees","user":"Unknown User"},"timestamp":"2024-11-21T16:18:53.602Z"}
{"level":"info","message":{"body":{"mail":"karthik1@gmail.com","name":"karthik","password":"Karthik@123","phone":"1234567890"},"method":"POST","status":400,"timeTaken":"11ms","url":"/api/employees","user":"Unknown User"},"timestamp":"2024-11-21T16:19:20.312Z"}
{"level":"info","message":{"body":{"mail":"karthik1@gmail.com","name":"karthik","password":"Karthik@123","phone":"12345678900"},"method":"POST","status":400,"timeTaken":"6ms","url":"/api/employees","user":"Unknown User"},"timestamp":"2024-11-21T16:19:24.802Z"}
{"level":"info","message":{"body":{"mail":"karthik1@gmail.com","name":"karthik","password":"Karthik@123","phone":"1234678900"},"method":"POST","status":500,"timeTaken":"18ms","url":"/api/employees","user":"Unknown User"},"timestamp":"2024-11-21T16:19:30.304Z"}
{"level":"info","message":{"body":{"mail":"karthik1@gmail.com","name":"karthik","password":"Karthik@123","phone":"1234678900"},"method":"POST","status":400,"timeTaken":"100ms","url":"/api/employees","user":"Unknown User"},"timestamp":"2024-11-21T16:20:28.249Z"}
{"level":"info","message":{"body":{"mail":"karthik01@gmail.com","name":"karthik","password":"Karthik@123","phone":"1234178900"},"method":"POST","status":201,"timeTaken":"79ms","url":"/api/employees","user":"Unknown User"},"timestamp":"2024-11-21T16:20:36.487Z"}
{"level":"info","message":{"body":{},"method":"GET","status":404,"timeTaken":"143ms","url":"/api/employees/2","user":"Unknown User"},"timestamp":"2024-11-21T16:21:57.633Z"}
{"level":"info","message":{"body":{},"method":"GET","status":200,"timeTaken":"8ms","url":"/api/employees/4","user":"Unknown User"},"timestamp":"2024-11-21T16:22:01.319Z"}
{"level":"info","message":{"body":{},"method":"GET","status":200,"timeTaken":"79ms","url":"/api/employees/4","user":"Unknown User"},"timestamp":"2024-11-21T16:22:53.718Z"}
{"level":"info","message":{"body":{},"method":"GET","status":500,"timeTaken":"153ms","url":"/api/employees/4","user":"Unknown User"},"timestamp":"2024-11-21T16:25:48.688Z"}
{"level":"info","message":{"body":{},"method":"GET","status":500,"timeTaken":"89ms","url":"/api/employees/4","user":"Unknown User"},"timestamp":"2024-11-21T16:26:10.661Z"}
{"level":"info","message":{"body":{},"method":"GET","status":200,"timeTaken":"71ms","url":"/api/employees/4","user":"Unknown User"},"timestamp":"2024-11-21T16:26:23.361Z"}
{"level":"info","message":{"body":{},"method":"GET","status":404,"timeTaken":"5ms","url":"/api/employees/45","user":"Unknown User"},"timestamp":"2024-11-21T16:26:29.330Z"}
{"level":"info","message":{"body":{},"method":"GET","status":404,"timeTaken":"75ms","url":"/api/employees/45","user":"Unknown User"},"timestamp":"2024-11-21T16:27:04.845Z"}
{"level":"info","message":{"body":{},"method":"GET","status":200,"timeTaken":"7ms","url":"/api/employees/4","user":"Unknown User"},"timestamp":"2024-11-21T16:27:08.739Z"}
{"level":"info","message":{"body":{},"method":"GET","status":200,"timeTaken":"4ms","url":"/api/employees","user":"Unknown User"},"timestamp":"2024-11-21T16:27:16.354Z"}
{"level":"info","message":{"body":{"mail":"akasj@gmail.com","name":"Akask","phone":"9876543210"},"method":"PUT","status":404,"timeTaken":"98ms","url":"/api/employees/155","user":"Unknown User"},"timestamp":"2024-11-21T16:35:40.464Z"}
{"level":"info","message":{"body":{"mail":"akasj@gmail.com","name":"Akask","phone":"9876543210"},"method":"PUT","status":500,"timeTaken":"48ms","url":"/api/employees/1","user":"Unknown User"},"timestamp":"2024-11-21T16:35:46.405Z"}
{"level":"info","message":{"body":{"mail":"akasj@gmail.com","name":"Akask","phone":"9876543210"},"method":"PUT","status":200,"timeTaken":"90ms","url":"/api/employees/1","user":"Unknown User"},"timestamp":"2024-11-21T16:36:08.171Z"}
{"level":"info","message":{"body":{"mail":"akasj@gmail.com","name":"Akask","phone":"9876543210"},"method":"PUT","status":200,"timeTaken":"115ms","url":"/api/employees/1","user":"Unknown User"},"timestamp":"2024-11-21T16:36:32.839Z"}
{"level":"info","message":{"body":{"mail":"akasj@gmail.com","name":"Akask","phone":"9876543210"},"method":"PUT","status":200,"timeTaken":"96ms","url":"/api/employees/1","user":"Unknown User"},"timestamp":"2024-11-21T16:37:17.308Z"}
{"level":"info","message":{"body":{"mail":"akasj@gmail.com","name":"Akask","phone":"9876543210"},"method":"PUT","status":200,"timeTaken":"111ms","url":"/api/employees/1","user":"Unknown User"},"timestamp":"2024-11-21T16:37:47.013Z"}
{"level":"info","message":{"body":{"mail":"akasj@gmail.com","name":"Akask","phone":"9876543210"},"method":"PUT","status":200,"timeTaken":"122ms","url":"/api/employees/1","user":"Unknown User"},"timestamp":"2024-11-21T16:38:07.534Z"}
{"level":"info","message":{"body":{"mail":"akasj@gmail.com","name":"Akask","phone":"9876543210"},"method":"PUT","status":500,"timeTaken":"106ms","url":"/api/employees/1","user":"Unknown User"},"timestamp":"2024-11-21T16:38:31.496Z"}
{"level":"info","message":{"body":{"mail":"akasj@gmail.com","name":"Akask","phone":"9876543210"},"method":"PUT","status":500,"timeTaken":"110ms","url":"/api/employees/1","user":"Unknown User"},"timestamp":"2024-11-21T16:38:56.806Z"}
{"level":"info","message":{"body":{"mail":"akasj@gmail.com","name":"Akask","phone":"1234678900"},"method":"PUT","status":500,"timeTaken":"182ms","url":"/api/employees/1","user":"Unknown User"},"timestamp":"2024-11-21T16:40:33.595Z"}
{"level":"info","message":{"body":{"mail":"akasj@gmail.com","name":"Akask","phone":"9876543210"},"method":"PUT","status":500,"timeTaken":"76ms","url":"/api/employees/1","user":"Unknown User"},"timestamp":"2024-11-21T16:40:58.846Z"}
{"level":"info","message":{"body":{"mail":"akasj@gmail.com","name":"Akask","phone":"9876543210"},"method":"PUT","status":200,"timeTaken":"155ms","url":"/api/employees/1","user":"Unknown User"},"timestamp":"2024-11-21T16:44:10.636Z"}
{"level":"info","message":{"body":{},"method":"DELETE","status":500,"timeTaken":"103ms","url":"/api/employees/4","user":"Unknown User"},"timestamp":"2024-11-21T16:45:45.038Z"}
{"level":"info","message":{"body":{},"method":"DELETE","status":200,"timeTaken":"89ms","url":"/api/employees/4","user":"Unknown User"},"timestamp":"2024-11-21T16:46:04.815Z"}
{"level":"info","message":{"body":{},"method":"DELETE","status":404,"timeTaken":"5ms","url":"/api/employees/4","user":"Unknown User"},"timestamp":"2024-11-21T16:46:07.553Z"}
{"level":"info","message":{"body":{},"method":"GET","status":200,"timeTaken":"144ms","url":"/api/employees","user":"Unknown User"},"timestamp":"2024-11-21T16:52:30.846Z"}
{"level":"info","message":{"body":{},"method":"GET","status":404,"timeTaken":"349ms","url":"/","user":"Unknown User"},"timestamp":"2024-11-21T16:59:10.780Z"}
{"level":"info","message":{"body":{},"method":"GET","status":404,"timeTaken":"366ms","url":"/","user":"Unknown User"},"timestamp":"2024-11-21T17:00:07.621Z"}
{"level":"info","message":{"body":{},"method":"GET","status":404,"timeTaken":"384ms","url":"/","user":"Unknown User"},"timestamp":"2024-11-21T17:00:51.557Z"}
{"level":"info","message":{"body":{},"method":"GET","status":404,"timeTaken":"382ms","url":"/","user":"Unknown User"},"timestamp":"2024-11-21T17:01:29.034Z"}
{"level":"info","message":{"body":{},"method":"GET","status":404,"timeTaken":"18ms","url":"/","user":"Unknown User"},"timestamp":"2024-11-21T17:01:29.082Z"}
{"level":"info","message":{"body":{},"method":"GET","status":404,"timeTaken":"375ms","url":"/","user":"Unknown User"},"timestamp":"2024-11-21T17:02:25.836Z"}
{"level":"info","message":{"body":{},"method":"GET","status":200,"timeTaken":"11ms","url":"/api/employees","user":"Unknown User"},"timestamp":"2024-11-21T17:02:57.551Z"}
{"level":"info","message":{"body":{},"method":"GET","status":200,"timeTaken":"13ms","url":"/api/employees","user":"Unknown User"},"timestamp":"2024-11-21T17:03:47.365Z"}
{"level":"info","message":{"body":{},"method":"GET","status":404,"timeTaken":"2ms","url":"/api/employees","user":"Unknown User"},"timestamp":"2024-11-21T17:03:47.397Z"}
{"level":"info","message":{"body":{},"method":"GET","status":200,"timeTaken":"16ms","url":"/api/employees","user":"Unknown User"},"timestamp":"2024-11-21T17:04:46.349Z"}
{"level":"info","message":{"body":{},"method":"GET","status":404,"timeTaken":"3ms","url":"/api/employees","user":"Unknown User"},"timestamp":"2024-11-21T17:04:46.372Z"}
{"level":"info","message":{"body":{},"method":"GET","status":200,"timeTaken":"2ms","url":"/api/employees/1","user":"Unknown User"},"timestamp":"2024-11-21T17:04:46.383Z"}
{"level":"info","message":{"body":{},"method":"GET","status":404,"timeTaken":"338ms","url":"/999","user":"Unknown User"},"timestamp":"2024-11-21T17:04:46.730Z"}
{"level":"info","message":{"body":{},"method":"GET","status":200,"timeTaken":"19ms","url":"/api/employees","user":"Unknown User"},"timestamp":"2024-11-21T17:06:22.307Z"}
{"level":"info","message":{"body":{},"method":"GET","status":404,"timeTaken":"2ms","url":"/api/employees","user":"Unknown User"},"timestamp":"2024-11-21T17:06:22.333Z"}
{"level":"info","message":{"body":{},"method":"GET","status":200,"timeTaken":"17ms","url":"/api/employees","user":"Unknown User"},"timestamp":"2024-11-21T17:06:40.793Z"}
{"level":"info","message":{"body":{},"method":"GET","status":404,"timeTaken":"2ms","url":"/api/employees","user":"Unknown User"},"timestamp":"2024-11-21T17:06:40.818Z"}
{"level":"info","message":{"body":{},"method":"GET","status":200,"timeTaken":"14ms","url":"/api/employees","user":"Unknown User"},"timestamp":"2024-11-21T17:07:47.369Z"}
{"level":"info","message":{"body":{},"method":"GET","status":404,"timeTaken":"3ms","url":"/api/employees","user":"Unknown User"},"timestamp":"2024-11-21T17:07:47.393Z"}
{"level":"info","message":{"body":{},"method":"GET","status":200,"timeTaken":"2ms","url":"/api/employees/1","user":"Unknown User"},"timestamp":"2024-11-21T17:07:47.404Z"}
{"level":"info","message":{"body":{},"method":"GET","status":404,"timeTaken":"2ms","url":"/api/employees/999","user":"Unknown User"},"timestamp":"2024-11-21T17:07:47.414Z"}
{"level":"info","message":{"body":{},"method":"GET","status":200,"timeTaken":"12ms","url":"/api/employees","user":"Unknown User"},"timestamp":"2024-11-21T17:08:00.420Z"}
{"level":"info","message":{"body":{},"method":"GET","status":404,"timeTaken":"3ms","url":"/api/employees","user":"Unknown User"},"timestamp":"2024-11-21T17:08:00.443Z"}
{"level":"info","message":{"body":{},"method":"GET","status":200,"timeTaken":"3ms","url":"/api/employees/1","user":"Unknown User"},"timestamp":"2024-11-21T17:08:00.455Z"}
{"level":"info","message":{"body":{},"method":"GET","status":404,"timeTaken":"3ms","url":"/api/employees/999","user":"Unknown User"},"timestamp":"2024-11-21T17:08:00.466Z"}
{"level":"info","message":{"body":{},"method":"GET","status":200,"timeTaken":"16ms","url":"/api/employees","user":"Unknown User"},"timestamp":"2024-11-21T17:08:58.358Z"}
{"level":"info","message":{"body":{},"method":"GET","status":404,"timeTaken":"3ms","url":"/api/employees","user":"Unknown User"},"timestamp":"2024-11-21T17:08:58.383Z"}
{"level":"info","message":{"body":{},"method":"GET","status":200,"timeTaken":"3ms","url":"/api/employees/1","user":"Unknown User"},"timestamp":"2024-11-21T17:08:58.395Z"}
{"level":"info","message":{"body":{},"method":"GET","status":404,"timeTaken":"2ms","url":"/api/employees/999","user":"Unknown User"},"timestamp":"2024-11-21T17:08:58.405Z"}
{"level":"info","message":{"body":{},"method":"GET","status":200,"timeTaken":"20ms","url":"/api/employees","user":"Unknown User"},"timestamp":"2024-11-21T17:12:15.183Z"}
{"level":"info","message":{"body":{},"method":"GET","status":404,"timeTaken":"3ms","url":"/api/employees","user":"Unknown User"},"timestamp":"2024-11-21T17:12:15.205Z"}
{"level":"info","message":{"body":{},"method":"GET","status":200,"timeTaken":"3ms","url":"/api/employees/1","user":"Unknown User"},"timestamp":"2024-11-21T17:12:15.217Z"}
{"level":"info","message":{"body":{},"method":"GET","status":404,"timeTaken":"1ms","url":"/api/employees/999","user":"Unknown User"},"timestamp":"2024-11-21T17:12:15.227Z"}
{"level":"info","message":{"body":{"mail":"john.doe@example.com","name":"John Doe","password":"$2b$10$cMIQrxCQrdUSSQMGNZu.XuDi21&#x2F;j5XjpShrx.oOXJVnu9RlQJYk1C","phone":"9876543210"},"method":"POST","status":400,"timeTaken":"19ms","url":"/api/employees/","user":"Unknown User"},"timestamp":"2024-11-21T17:12:15.407Z"}
{"level":"info","message":{"body":{},"method":"GET","status":200,"timeTaken":"15ms","url":"/api/employees","user":"Unknown User"},"timestamp":"2024-11-21T17:12:43.333Z"}
{"level":"info","message":{"body":{},"method":"GET","status":404,"timeTaken":"2ms","url":"/api/employees","user":"Unknown User"},"timestamp":"2024-11-21T17:12:43.356Z"}
{"level":"info","message":{"body":{},"method":"GET","status":200,"timeTaken":"2ms","url":"/api/employees/1","user":"Unknown User"},"timestamp":"2024-11-21T17:12:43.367Z"}
{"level":"info","message":{"body":{},"method":"GET","status":404,"timeTaken":"2ms","url":"/api/employees/999","user":"Unknown User"},"timestamp":"2024-11-21T17:12:43.377Z"}
{"level":"info","message":{"body":{"mail":"john.doe@example.com","name":"John Doe","password":"$2b$10$Oh.8cbTAA&#x2F;&#x2F;d0NvktHg5FOhqcKQ9L&#x2F;nDZb9irJZUl2o6ubxooolcm","phone":"9876543210"},"method":"POST","status":400,"timeTaken":"17ms","url":"/api/employees/","user":"Unknown User"},"timestamp":"2024-11-21T17:12:43.549Z"}
{"level":"info","message":{"body":{},"method":"GET","status":200,"timeTaken":"12ms","url":"/api/employees","user":"Unknown User"},"timestamp":"2024-11-21T17:13:49.425Z"}
{"level":"info","message":{"body":{},"method":"GET","status":404,"timeTaken":"3ms","url":"/api/employees","user":"Unknown User"},"timestamp":"2024-11-21T17:13:49.449Z"}
{"level":"info","message":{"body":{},"method":"GET","status":200,"timeTaken":"3ms","url":"/api/employees/1","user":"Unknown User"},"timestamp":"2024-11-21T17:13:49.460Z"}
{"level":"info","message":{"body":{},"method":"GET","status":404,"timeTaken":"2ms","url":"/api/employees/999","user":"Unknown User"},"timestamp":"2024-11-21T17:13:49.469Z"}
{"level":"info","message":{"body":{"mail":"john.doe@example.com","name":"John Doe","password":"$2b$10$4Xiw1RZ6RtfcttOsQ2gQCuozqpvWDhwV8ov2PXJKqetwQwDrGyrGa","phone":"9876543210"},"method":"POST","status":400,"timeTaken":"18ms","url":"/api/employees/","user":"Unknown User"},"timestamp":"2024-11-21T17:13:49.643Z"}
{"level":"info","message":{"body":{},"method":"GET","status":200,"timeTaken":"15ms","url":"/api/employees","user":"Unknown User"},"timestamp":"2024-11-21T17:14:37.614Z"}
{"level":"info","message":{"body":{},"method":"GET","status":404,"timeTaken":"2ms","url":"/api/employees","user":"Unknown User"},"timestamp":"2024-11-21T17:14:37.636Z"}
{"level":"info","message":{"body":{},"method":"GET","status":200,"timeTaken":"3ms","url":"/api/employees/1","user":"Unknown User"},"timestamp":"2024-11-21T17:14:37.648Z"}
{"level":"info","message":{"body":{},"method":"GET","status":404,"timeTaken":"2ms","url":"/api/employees/999","user":"Unknown User"},"timestamp":"2024-11-21T17:14:37.657Z"}
{"level":"info","message":{"body":{"mail":"john.doe@example.com","name":"Doe","password":"$2b$10$yB7YguL.F2UeM1I1D2MBaerTRbIteUb.I6fP8mQb5eQkOywdvNJMG","phone":"9876543210"},"method":"POST","status":400,"timeTaken":"17ms","url":"/api/employees/","user":"Unknown User"},"timestamp":"2024-11-21T17:14:37.829Z"}
{"level":"info","message":{"body":{},"method":"GET","status":200,"timeTaken":"18ms","url":"/api/employees","user":"Unknown User"},"timestamp":"2024-11-21T17:15:42.485Z"}
{"level":"info","message":{"body":{},"method":"GET","status":404,"timeTaken":"3ms","url":"/api/employees","user":"Unknown User"},"timestamp":"2024-11-21T17:15:42.508Z"}
{"level":"info","message":{"body":{},"method":"GET","status":200,"timeTaken":"3ms","url":"/api/employees/1","user":"Unknown User"},"timestamp":"2024-11-21T17:15:42.521Z"}
{"level":"info","message":{"body":{},"method":"GET","status":404,"timeTaken":"3ms","url":"/api/employees/999","user":"Unknown User"},"timestamp":"2024-11-21T17:15:42.534Z"}
{"level":"info","message":{"body":{"mail":"john.doe@example.com","name":"Doe","password":"$2b$10$9N8F2HNTTP2vFyRE.j4Xd.T7.XmfXQcmDJCN5HFdsHaGv65giTkJW","phone":"9876543210"},"method":"POST","status":400,"timeTaken":"17ms","url":"/api/employees/","user":"Unknown User"},"timestamp":"2024-11-21T17:15:42.709Z"}
{"level":"info","message":{"body":{},"method":"GET","status":200,"timeTaken":"10ms","url":"/api/employees","user":"Unknown User"},"timestamp":"2024-11-21T17:16:17.419Z"}
{"level":"info","message":{"body":{},"method":"GET","status":404,"timeTaken":"2ms","url":"/api/employees","user":"Unknown User"},"timestamp":"2024-11-21T17:16:17.442Z"}
{"level":"info","message":{"body":{},"method":"GET","status":200,"timeTaken":"3ms","url":"/api/employees/1","user":"Unknown User"},"timestamp":"2024-11-21T17:16:17.453Z"}
{"level":"info","message":{"body":{},"method":"GET","status":404,"timeTaken":"2ms","url":"/api/employees/999","user":"Unknown User"},"timestamp":"2024-11-21T17:16:17.462Z"}
{"level":"info","message":{"body":{"mail":"john.doe@example.com","name":"Doe","password":"TestPassword@2123","phone":"9876543210"},"method":"POST","status":500,"timeTaken":"26ms","url":"/api/employees/","user":"Unknown User"},"timestamp":"2024-11-21T17:16:17.522Z"}
{"level":"info","message":{"body":{},"method":"GET","status":200,"timeTaken":"22ms","url":"/api/employees","user":"Unknown User"},"timestamp":"2024-11-21T17:20:45.531Z"}
{"level":"info","message":{"body":{},"method":"GET","status":404,"timeTaken":"3ms","url":"/api/employees","user":"Unknown User"},"timestamp":"2024-11-21T17:20:45.563Z"}
{"level":"info","message":{"body":{},"method":"GET","status":200,"timeTaken":"4ms","url":"/api/employees/1","user":"Unknown User"},"timestamp":"2024-11-21T17:20:45.579Z"}
{"level":"info","message":{"body":{},"method":"GET","status":404,"timeTaken":"2ms","url":"/api/employees/999","user":"Unknown User"},"timestamp":"2024-11-21T17:20:45.593Z"}
{"level":"info","message":{"body":{"mail":"john.doe@example.com","name":"Doe","password":"TestPassword@2123","phone":"9876543210"},"method":"POST","status":500,"timeTaken":"25ms","url":"/api/employees/","user":"Unknown User"},"timestamp":"2024-11-21T17:20:45.658Z"}
{"level":"info","message":{"body":{"mail":"karthik01@gmail.com","name":"karthik","password":"Karthik@123","phone":"1234178900"},"method":"POST","status":500,"timeTaken":"161ms","url":"/api/employees","user":"Unknown User"},"timestamp":"2024-11-21T17:22:55.761Z"}
{"level":"info","message":{"body":{"mail":"karthik01@gmail.com","name":"karthik","password":"Karthik@123","phone":"1234178900"},"method":"POST","status":400,"timeTaken":"93ms","url":"/api/employees","user":"Unknown User"},"timestamp":"2024-11-21T17:23:06.675Z"}
{"level":"info","message":{"body":{},"method":"GET","status":200,"timeTaken":"14ms","url":"/api/employees","user":"Unknown User"},"timestamp":"2024-11-21T17:23:29.336Z"}
{"level":"info","message":{"body":{},"method":"GET","status":404,"timeTaken":"2ms","url":"/api/employees","user":"Unknown User"},"timestamp":"2024-11-21T17:23:29.360Z"}
{"level":"info","message":{"body":{},"method":"GET","status":200,"timeTaken":"2ms","url":"/api/employees/1","user":"Unknown User"},"timestamp":"2024-11-21T17:23:29.373Z"}
{"level":"info","message":{"body":{},"method":"GET","status":404,"timeTaken":"1ms","url":"/api/employees/999","user":"Unknown User"},"timestamp":"2024-11-21T17:23:29.385Z"}
{"level":"info","message":{"body":{"mail":"john.doe@example.com","name":"Doe","password":"TestPassword@2123","phone":"9876543210"},"method":"POST","status":500,"timeTaken":"29ms","url":"/api/employees/","user":"Unknown User"},"timestamp":"2024-11-21T17:23:29.451Z"}
{"level":"info","message":{"body":{},"method":"GET","status":200,"timeTaken":"18ms","url":"/api/employees","user":"Unknown User"},"timestamp":"2024-11-21T17:25:14.708Z"}
{"level":"info","message":{"body":{},"method":"GET","status":404,"timeTaken":"3ms","url":"/api/employees","user":"Unknown User"},"timestamp":"2024-11-21T17:25:14.732Z"}
{"level":"info","message":{"body":{},"method":"GET","status":200,"timeTaken":"2ms","url":"/api/employees/1","user":"Unknown User"},"timestamp":"2024-11-21T17:25:14.743Z"}
{"level":"info","message":{"body":{},"method":"GET","status":404,"timeTaken":"1ms","url":"/api/employees/999","user":"Unknown User"},"timestamp":"2024-11-21T17:25:14.752Z"}
{"level":"info","message":{"body":{"mail":"john.doe@example.com","name":"Doe","password":"TestPassword@2123","phone":"9876543210"},"method":"POST","status":500,"timeTaken":"30ms","url":"/api/employees/","user":"Unknown User"},"timestamp":"2024-11-21T17:25:14.814Z"}
{"level":"info","message":{"body":{},"method":"GET","status":200,"timeTaken":"17ms","url":"/api/employees","user":"Unknown User"},"timestamp":"2024-11-21T17:25:31.032Z"}
{"level":"info","message":{"body":{},"method":"GET","status":404,"timeTaken":"2ms","url":"/api/employees","user":"Unknown User"},"timestamp":"2024-11-21T17:25:31.054Z"}
{"level":"info","message":{"body":{},"method":"GET","status":200,"timeTaken":"3ms","url":"/api/employees/1","user":"Unknown User"},"timestamp":"2024-11-21T17:25:31.066Z"}
{"level":"info","message":{"body":{},"method":"GET","status":404,"timeTaken":"2ms","url":"/api/employees/999","user":"Unknown User"},"timestamp":"2024-11-21T17:25:31.076Z"}
{"level":"info","message":{"body":{"mail":"john.doe@example.com","name":"Doe","password":"TestPassword@2123","phone":"9876543210"},"method":"POST","status":500,"timeTaken":"26ms","url":"/api/employees/","user":"Unknown User"},"timestamp":"2024-11-21T17:25:31.135Z"}
{"level":"info","message":{"body":{"mail":"karthik01@gmail.com","name":"JaneDoe","password":"TestPassword123","phone":"1234178900"},"method":"POST","status":400,"timeTaken":"8ms","url":"/api/employees","user":"Unknown User"},"timestamp":"2024-11-21T17:25:31.157Z"}
{"level":"info","message":{"body":{},"method":"GET","status":200,"timeTaken":"20ms","url":"/api/employees","user":"Unknown User"},"timestamp":"2024-11-21T17:25:55.386Z"}
{"level":"info","message":{"body":{},"method":"GET","status":404,"timeTaken":"3ms","url":"/api/employees","user":"Unknown User"},"timestamp":"2024-11-21T17:25:55.409Z"}
{"level":"info","message":{"body":{},"method":"GET","status":200,"timeTaken":"3ms","url":"/api/employees/1","user":"Unknown User"},"timestamp":"2024-11-21T17:25:55.421Z"}
{"level":"info","message":{"body":{},"method":"GET","status":404,"timeTaken":"2ms","url":"/api/employees/999","user":"Unknown User"},"timestamp":"2024-11-21T17:25:55.431Z"}
{"level":"info","message":{"body":{"mail":"john.doe@example.com","name":"Doe","password":"TestPassword@2123","phone":"9876543210"},"method":"POST","status":500,"timeTaken":"23ms","url":"/api/employees/","user":"Unknown User"},"timestamp":"2024-11-21T17:25:55.488Z"}
{"level":"info","message":{"body":{},"method":"GET","status":200,"timeTaken":"13ms","url":"/api/employees","user":"Unknown User"},"timestamp":"2024-11-21T17:26:21.734Z"}
{"level":"info","message":{"body":{},"method":"GET","status":404,"timeTaken":"3ms","url":"/api/employees","user":"Unknown User"},"timestamp":"2024-11-21T17:26:21.759Z"}
{"level":"info","message":{"body":{},"method":"GET","status":200,"timeTaken":"2ms","url":"/api/employees/1","user":"Unknown User"},"timestamp":"2024-11-21T17:26:21.771Z"}
{"level":"info","message":{"body":{},"method":"GET","status":404,"timeTaken":"2ms","url":"/api/employees/999","user":"Unknown User"},"timestamp":"2024-11-21T17:26:21.781Z"}
{"level":"info","message":{"body":{"mail":"john.doe@example.com","name":"Doe","password":"TestPassword@2123","phone":"9876543210"},"method":"POST","status":500,"timeTaken":"56ms","url":"/api/employees/","user":"Unknown User"},"timestamp":"2024-11-21T17:26:21.866Z"}
{"level":"info","message":{"body":{"mail":"karthik01@gmail.com","name":"JaneDoe","password":"TestPassword@2123","phone":"1234178900"},"method":"POST","status":500,"timeTaken":"7ms","url":"/api/employees","user":"Unknown User"},"timestamp":"2024-11-21T17:26:21.887Z"}
{"level":"info","message":{"body":{},"method":"GET","status":200,"timeTaken":"15ms","url":"/api/employees","user":"Unknown User"},"timestamp":"2024-11-21T17:26:59.496Z"}
{"level":"info","message":{"body":{},"method":"GET","status":404,"timeTaken":"3ms","url":"/api/employees","user":"Unknown User"},"timestamp":"2024-11-21T17:26:59.519Z"}
{"level":"info","message":{"body":{},"method":"GET","status":200,"timeTaken":"3ms","url":"/api/employees/1","user":"Unknown User"},"timestamp":"2024-11-21T17:26:59.531Z"}
{"level":"info","message":{"body":{},"method":"GET","status":404,"timeTaken":"3ms","url":"/api/employees/999","user":"Unknown User"},"timestamp":"2024-11-21T17:26:59.542Z"}
{"level":"info","message":{"body":{"mail":"john.doe@example.com","name":"Doe","password":"TestPassword@2123","phone":"9876543210"},"method":"POST","status":500,"timeTaken":"26ms","url":"/api/employees/","user":"Unknown User"},"timestamp":"2024-11-21T17:26:59.600Z"}
{"level":"info","message":{"body":{"mail":"karthik01@gmail.com","name":"JaneDoe","password":"TestPassword@2123","phone":"1234178900"},"method":"POST","status":500,"timeTaken":"7ms","url":"/api/employees","user":"Unknown User"},"timestamp":"2024-11-21T17:26:59.620Z"}
{"level":"info","message":{"body":{},"method":"GET","status":200,"timeTaken":"17ms","url":"/api/employees","user":"Unknown User"},"timestamp":"2024-11-21T17:28:19.430Z"}
{"level":"info","message":{"body":{},"method":"GET","status":404,"timeTaken":"3ms","url":"/api/employees","user":"Unknown User"},"timestamp":"2024-11-21T17:28:19.453Z"}
{"level":"info","message":{"body":{},"method":"GET","status":200,"timeTaken":"2ms","url":"/api/employees/1","user":"Unknown User"},"timestamp":"2024-11-21T17:28:19.464Z"}
{"level":"info","message":{"body":{},"method":"GET","status":404,"timeTaken":"2ms","url":"/api/employees/999","user":"Unknown User"},"timestamp":"2024-11-21T17:28:19.474Z"}
{"level":"info","message":{"body":{"mail":"john.doe@example.com","name":"Doe","password":"TestPassword@2123","phone":"9876543210"},"method":"POST","status":400,"timeTaken":"137ms","url":"/api/employees/","user":"Unknown User"},"timestamp":"2024-11-21T17:28:19.641Z"}
{"level":"info","message":{"body":{"mail":"karthik01@gmail.com","name":"JaneDoe","password":"TestPassword@2123","phone":"1234178900"},"method":"POST","status":400,"timeTaken":"9ms","url":"/api/employees","user":"Unknown User"},"timestamp":"2024-11-21T17:28:19.667Z"}
{"level":"info","message":{"body":{"mail":"john.doe.updated@example.com","name":"John Doe Updated","password":"NewPassword123","phone":"9876543210"},"method":"PUT","status":400,"timeTaken":"8ms","url":"/api/employees/1","user":"Unknown User"},"timestamp":"2024-11-21T17:28:19.687Z"}
{"level":"info","message":{"body":{},"method":"GET","status":200,"timeTaken":"13ms","url":"/api/employees","user":"Unknown User"},"timestamp":"2024-11-21T17:29:12.264Z"}
{"level":"info","message":{"body":{},"method":"GET","status":404,"timeTaken":"2ms","url":"/api/employees","user":"Unknown User"},"timestamp":"2024-11-21T17:29:12.287Z"}
{"level":"info","message":{"body":{},"method":"GET","status":200,"timeTaken":"2ms","url":"/api/employees/1","user":"Unknown User"},"timestamp":"2024-11-21T17:29:12.298Z"}
{"level":"info","message":{"body":{},"method":"GET","status":404,"timeTaken":"2ms","url":"/api/employees/999","user":"Unknown User"},"timestamp":"2024-11-21T17:29:12.309Z"}
{"level":"info","message":{"body":{"mail":"john.doe@example.com","name":"Doe","password":"TestPassword@2123","phone":"9876543210"},"method":"POST","status":400,"timeTaken":"88ms","url":"/api/employees","user":"Unknown User"},"timestamp":"2024-11-21T17:29:12.430Z"}
{"level":"info","message":{"body":{"mail":"karthik01@gmail.com","name":"JaneDoe","password":"TestPassword@2123","phone":"1234178900"},"method":"POST","status":400,"timeTaken":"10ms","url":"/api/employees","user":"Unknown User"},"timestamp":"2024-11-21T17:29:12.458Z"}
{"level":"info","message":{"body":{"mail":"john.doe.updated@example.com","name":"John Doe Updated","password":"NewPassword123","phone":"9876543210"},"method":"PUT","status":400,"timeTaken":"5ms","url":"/api/employees/1","user":"Unknown User"},"timestamp":"2024-11-21T17:29:12.476Z"}
{"level":"info","message":{"body":{},"method":"GET","status":200,"timeTaken":"13ms","url":"/api/employees","user":"Unknown User"},"timestamp":"2024-11-21T17:30:20.804Z"}
{"level":"info","message":{"body":{},"method":"GET","status":404,"timeTaken":"2ms","url":"/api/employees","user":"Unknown User"},"timestamp":"2024-11-21T17:30:20.828Z"}
{"level":"info","message":{"body":{},"method":"GET","status":200,"timeTaken":"3ms","url":"/api/employees/1","user":"Unknown User"},"timestamp":"2024-11-21T17:30:20.840Z"}
{"level":"info","message":{"body":{},"method":"GET","status":404,"timeTaken":"2ms","url":"/api/employees/999","user":"Unknown User"},"timestamp":"2024-11-21T17:30:20.850Z"}
{"level":"info","message":{"body":{"mail":"john.doe@example.com","name":"Doe","password":"TestPassword@2123","phone":"134679852"},"method":"POST","status":400,"timeTaken":"19ms","url":"/api/employees","user":"Unknown User"},"timestamp":"2024-11-21T17:30:20.899Z"}
{"level":"info","message":{"body":{"mail":"karthik01@gmail.com","name":"JaneDoe","password":"TestPassword@2123","phone":"1234178900"},"method":"POST","status":400,"timeTaken":"68ms","url":"/api/employees","user":"Unknown User"},"timestamp":"2024-11-21T17:30:20.980Z"}
{"level":"info","message":{"body":{"mail":"john.doe.updated@example.com","name":"John Doe Updated","password":"NewPassword123","phone":"9876543210"},"method":"PUT","status":400,"timeTaken":"5ms","url":"/api/employees/1","user":"Unknown User"},"timestamp":"2024-11-21T17:30:21.000Z"}
{"level":"info","message":{"body":{},"method":"GET","status":200,"timeTaken":"15ms","url":"/api/employees","user":"Unknown User"},"timestamp":"2024-11-21T17:30:49.754Z"}
{"level":"info","message":{"body":{},"method":"GET","status":404,"timeTaken":"3ms","url":"/api/employees","user":"Unknown User"},"timestamp":"2024-11-21T17:30:49.779Z"}
{"level":"info","message":{"body":{},"method":"GET","status":200,"timeTaken":"3ms","url":"/api/employees/1","user":"Unknown User"},"timestamp":"2024-11-21T17:30:49.790Z"}
{"level":"info","message":{"body":{},"method":"GET","status":404,"timeTaken":"2ms","url":"/api/employees/999","user":"Unknown User"},"timestamp":"2024-11-21T17:30:49.800Z"}
{"level":"info","message":{"body":{"mail":"john.doe@example.com","name":"Doe","password":"TestPassword@2123","phone":"134679852"},"method":"POST","status":400,"timeTaken":"19ms","url":"/api/employees","user":"Unknown User"},"timestamp":"2024-11-21T17:30:49.856Z"}
{"level":"info","message":{"body":{},"method":"GET","status":200,"timeTaken":"15ms","url":"/api/employees","user":"Unknown User"},"timestamp":"2024-11-21T17:31:19.861Z"}
{"level":"info","message":{"body":{},"method":"GET","status":404,"timeTaken":"3ms","url":"/api/employees","user":"Unknown User"},"timestamp":"2024-11-21T17:31:19.886Z"}
{"level":"info","message":{"body":{},"method":"GET","status":200,"timeTaken":"2ms","url":"/api/employees/1","user":"Unknown User"},"timestamp":"2024-11-21T17:31:19.897Z"}
{"level":"info","message":{"body":{},"method":"GET","status":404,"timeTaken":"2ms","url":"/api/employees/999","user":"Unknown User"},"timestamp":"2024-11-21T17:31:19.909Z"}
{"level":"info","message":{"body":{"mail":"john.doe@example.com","name":"Doe","password":"TestPassword@2123","phone":"134679852"},"method":"POST","status":400,"timeTaken":"21ms","url":"/api/employees","user":"Unknown User"},"timestamp":"2024-11-21T17:31:19.961Z"}
{"level":"info","message":{"body":{},"method":"GET","status":200,"timeTaken":"13ms","url":"/api/employees","user":"Unknown User"},"timestamp":"2024-11-21T17:31:42.727Z"}
{"level":"info","message":{"body":{},"method":"GET","status":404,"timeTaken":"2ms","url":"/api/employees","user":"Unknown User"},"timestamp":"2024-11-21T17:31:42.751Z"}
{"level":"info","message":{"body":{},"method":"GET","status":200,"timeTaken":"3ms","url":"/api/employees/1","user":"Unknown User"},"timestamp":"2024-11-21T17:31:42.763Z"}
{"level":"info","message":{"body":{},"method":"GET","status":404,"timeTaken":"2ms","url":"/api/employees/999","user":"Unknown User"},"timestamp":"2024-11-21T17:31:42.773Z"}
{"level":"info","message":{"body":{"mail":"john.doe@example.com","name":"Doe","password":"TestPassword@2123","phone":"1346798520"},"method":"POST","status":500,"timeTaken":"27ms","url":"/api/employees","user":"Unknown User"},"timestamp":"2024-11-21T17:31:42.828Z"}
{"level":"info","message":{"body":{},"method":"GET","status":200,"timeTaken":"17ms","url":"/api/employees","user":"Unknown User"},"timestamp":"2024-11-21T17:32:43.362Z"}
{"level":"info","message":{"body":{},"method":"GET","status":404,"timeTaken":"4ms","url":"/api/employees","user":"Unknown User"},"timestamp":"2024-11-21T17:32:43.387Z"}
{"level":"info","message":{"body":{},"method":"GET","status":200,"timeTaken":"3ms","url":"/api/employees/1","user":"Unknown User"},"timestamp":"2024-11-21T17:32:43.399Z"}
{"level":"info","message":{"body":{},"method":"GET","status":404,"timeTaken":"2ms","url":"/api/employees/999","user":"Unknown User"},"timestamp":"2024-11-21T17:32:43.410Z"}
{"level":"info","message":{"body":{"mail":"john.doe@example.com","name":"Doe","password":"TestPassword@2123","phone":"1346798520"},"method":"POST","status":500,"timeTaken":"26ms","url":"/api/employees","user":"Unknown User"},"timestamp":"2024-11-21T17:32:43.471Z"}
{"level":"info","message":{"body":{},"method":"GET","status":200,"timeTaken":"16ms","url":"/api/employees","user":"Unknown User"},"timestamp":"2024-11-21T17:33:20.918Z"}
{"level":"info","message":{"body":{},"method":"GET","status":404,"timeTaken":"3ms","url":"/api/employees","user":"Unknown User"},"timestamp":"2024-11-21T17:33:20.945Z"}
{"level":"info","message":{"body":{},"method":"GET","status":200,"timeTaken":"3ms","url":"/api/employees/1","user":"Unknown User"},"timestamp":"2024-11-21T17:33:20.956Z"}
{"level":"info","message":{"body":{},"method":"GET","status":404,"timeTaken":"2ms","url":"/api/employees/999","user":"Unknown User"},"timestamp":"2024-11-21T17:33:20.966Z"}
{"level":"info","message":{"body":{"mail":"john.doe@example.com","name":"Doe","password":"TestPassword@2123","phone":"1346798520"},"method":"POST","status":500,"timeTaken":"219ms","url":"/api/employees","user":"Unknown User"},"timestamp":"2024-11-21T17:33:21.216Z"}
{"level":"info","message":{"body":{"mail":"john.doe.updated@example.com","name":"John Doe Updated","password":"NewPassword123","phone":"9876543210"},"method":"PUT","status":400,"timeTaken":"7ms","url":"/api/employees/1","user":"Unknown User"},"timestamp":"2024-11-21T17:33:21.239Z"}
